# This is the CMakeCache file.
# For build in directory: /home/runner/work/tt-umd/tt-umd/_codeql_build_dir
# It was generated by CMake: /usr/local/bin/cmake
# You can edit this file to change values found and used by cmake.
# If you do not want to change any of the values, simply exit the editor.
# If you do want to change a value, simply edit, save, and exit the editor.
# The syntax for the file is as follows:
# KEY:TYPE=VALUE
# KEY is the name of a variable in the cache.
# TYPE is a hint to GUIs for the type of VALUE, DO NOT EDIT TYPE!.
# VALUE is the current value for the KEY.

########################
# EXTERNAL cache entries
########################

//No help, variable specified on the command line.
BUILD_DOCS:UNINITIALIZED=OFF

//No help, variable specified on the command line.
BUILD_DOCUMENTATION:UNINITIALIZED=OFF

//Build the testing tree.
BUILD_TESTING:BOOL=ON

//No help, variable specified on the command line.
CATKIN_ENABLE_TESTING:UNINITIALIZED=OFF

//Path to a program.
CLANG_TIDY_EXE:FILEPATH=/usr/bin/clang-tidy

//Path to a program.
CMAKE_ADDR2LINE:FILEPATH=/usr/bin/addr2line

//Path to a program.
CMAKE_AR:FILEPATH=/usr/bin/ar

//Choose the type of build, options are: None Debug Release RelWithDebInfo
// MinSizeRel ...
CMAKE_BUILD_TYPE:STRING=Release

//Enable/Disable color output during build.
CMAKE_COLOR_MAKEFILE:BOOL=ON

//CXX compiler
CMAKE_CXX_COMPILER:FILEPATH=/home/runner/work/tt-umd/.codeql-scratch/dbs/cpp/working/autobuild/bin/c++

//A wrapper around 'ar' adding the appropriate '--plugin' option
// for the GCC compiler
CMAKE_CXX_COMPILER_AR:FILEPATH=/usr/bin/gcc-ar-13

//A wrapper around 'ranlib' adding the appropriate '--plugin' option
// for the GCC compiler
CMAKE_CXX_COMPILER_RANLIB:FILEPATH=/usr/bin/gcc-ranlib-13

//Flags used by the CXX compiler during all build types.
CMAKE_CXX_FLAGS:STRING=

//Flags used by the CXX compiler during DEBUG builds.
CMAKE_CXX_FLAGS_DEBUG:STRING=-g

//Flags used by the CXX compiler during MINSIZEREL builds.
CMAKE_CXX_FLAGS_MINSIZEREL:STRING=-Os -DNDEBUG

//Flags used by the CXX compiler during RELEASE builds.
CMAKE_CXX_FLAGS_RELEASE:STRING=-O3 -DNDEBUG

//Flags used by the CXX compiler during RELWITHDEBINFO builds.
CMAKE_CXX_FLAGS_RELWITHDEBINFO:STRING=-O2 -g -DNDEBUG

//C compiler
CMAKE_C_COMPILER:FILEPATH=/home/runner/work/tt-umd/.codeql-scratch/dbs/cpp/working/autobuild/bin/cc

//A wrapper around 'ar' adding the appropriate '--plugin' option
// for the GCC compiler
CMAKE_C_COMPILER_AR:FILEPATH=/usr/bin/gcc-ar-13

//A wrapper around 'ranlib' adding the appropriate '--plugin' option
// for the GCC compiler
CMAKE_C_COMPILER_RANLIB:FILEPATH=/usr/bin/gcc-ranlib-13

//Flags used by the C compiler during all build types.
CMAKE_C_FLAGS:STRING=

//Flags used by the C compiler during DEBUG builds.
CMAKE_C_FLAGS_DEBUG:STRING=-g

//Flags used by the C compiler during MINSIZEREL builds.
CMAKE_C_FLAGS_MINSIZEREL:STRING=-Os -DNDEBUG

//Flags used by the C compiler during RELEASE builds.
CMAKE_C_FLAGS_RELEASE:STRING=-O3 -DNDEBUG

//Flags used by the C compiler during RELWITHDEBINFO builds.
CMAKE_C_FLAGS_RELWITHDEBINFO:STRING=-O2 -g -DNDEBUG

//Path to a program.
CMAKE_DLLTOOL:FILEPATH=CMAKE_DLLTOOL-NOTFOUND

//Flags used by the linker during all build types.
CMAKE_EXE_LINKER_FLAGS:STRING=

//Flags used by the linker during DEBUG builds.
CMAKE_EXE_LINKER_FLAGS_DEBUG:STRING=

//Flags used by the linker during MINSIZEREL builds.
CMAKE_EXE_LINKER_FLAGS_MINSIZEREL:STRING=

//Flags used by the linker during RELEASE builds.
CMAKE_EXE_LINKER_FLAGS_RELEASE:STRING=

//Flags used by the linker during RELWITHDEBINFO builds.
CMAKE_EXE_LINKER_FLAGS_RELWITHDEBINFO:STRING=

//Value Computed by CMake.
CMAKE_FIND_PACKAGE_REDIRECTS_DIR:STATIC=/home/runner/work/tt-umd/tt-umd/_codeql_build_dir/CMakeFiles/pkgRedirects

//User executables (bin)
CMAKE_INSTALL_BINDIR:PATH=bin

//Read-only architecture-independent data (DATAROOTDIR)
CMAKE_INSTALL_DATADIR:PATH=

//Read-only architecture-independent data root (share)
CMAKE_INSTALL_DATAROOTDIR:PATH=share

//Documentation root (DATAROOTDIR/doc/PROJECT_NAME)
CMAKE_INSTALL_DOCDIR:PATH=

//C header files (include)
CMAKE_INSTALL_INCLUDEDIR:PATH=include

//Info documentation (DATAROOTDIR/info)
CMAKE_INSTALL_INFODIR:PATH=

//Object code libraries (lib)
CMAKE_INSTALL_LIBDIR:PATH=lib

//Program executables (libexec)
CMAKE_INSTALL_LIBEXECDIR:PATH=libexec

//Locale-dependent data (DATAROOTDIR/locale)
CMAKE_INSTALL_LOCALEDIR:PATH=

//Modifiable single-machine data (var)
CMAKE_INSTALL_LOCALSTATEDIR:PATH=var

//Man documentation (DATAROOTDIR/man)
CMAKE_INSTALL_MANDIR:PATH=

//C header files for non-gcc (/usr/include)
CMAKE_INSTALL_OLDINCLUDEDIR:PATH=/usr/include

//Install path prefix, prepended onto install directories.
CMAKE_INSTALL_PREFIX:PATH=/usr/local

//Run-time variable data (LOCALSTATEDIR/run)
CMAKE_INSTALL_RUNSTATEDIR:PATH=

//System admin executables (sbin)
CMAKE_INSTALL_SBINDIR:PATH=sbin

//Modifiable architecture-independent data (com)
CMAKE_INSTALL_SHAREDSTATEDIR:PATH=com

//Read-only single-machine data (etc)
CMAKE_INSTALL_SYSCONFDIR:PATH=etc

//Path to a program.
CMAKE_LINKER:FILEPATH=/usr/bin/ld

//Path to a program.
CMAKE_MAKE_PROGRAM:FILEPATH=/usr/bin/gmake

//Flags used by the linker during the creation of modules during
// all build types.
CMAKE_MODULE_LINKER_FLAGS:STRING=

//Flags used by the linker during the creation of modules during
// DEBUG builds.
CMAKE_MODULE_LINKER_FLAGS_DEBUG:STRING=

//Flags used by the linker during the creation of modules during
// MINSIZEREL builds.
CMAKE_MODULE_LINKER_FLAGS_MINSIZEREL:STRING=

//Flags used by the linker during the creation of modules during
// RELEASE builds.
CMAKE_MODULE_LINKER_FLAGS_RELEASE:STRING=

//Flags used by the linker during the creation of modules during
// RELWITHDEBINFO builds.
CMAKE_MODULE_LINKER_FLAGS_RELWITHDEBINFO:STRING=

//Path to a program.
CMAKE_NM:FILEPATH=/usr/bin/nm

//Path to a program.
CMAKE_OBJCOPY:FILEPATH=/usr/bin/objcopy

//Path to a program.
CMAKE_OBJDUMP:FILEPATH=/usr/bin/objdump

//Value Computed by CMake
CMAKE_PROJECT_DESCRIPTION:STATIC=Tenstorrent User Mode Driver

//Value Computed by CMake
CMAKE_PROJECT_HOMEPAGE_URL:STATIC=https://github.com/tenstorrent/tt-umd

//Value Computed by CMake
CMAKE_PROJECT_NAME:STATIC=umd

//Value Computed by CMake
CMAKE_PROJECT_VERSION:STATIC=0.9.1

//Value Computed by CMake
CMAKE_PROJECT_VERSION_MAJOR:STATIC=0

//Value Computed by CMake
CMAKE_PROJECT_VERSION_MINOR:STATIC=9

//Value Computed by CMake
CMAKE_PROJECT_VERSION_PATCH:STATIC=1

//Value Computed by CMake
CMAKE_PROJECT_VERSION_TWEAK:STATIC=

//Path to a program.
CMAKE_RANLIB:FILEPATH=/usr/bin/ranlib

//Path to a program.
CMAKE_READELF:FILEPATH=/usr/bin/readelf

//Flags used by the linker during the creation of shared libraries
// during all build types.
CMAKE_SHARED_LINKER_FLAGS:STRING=

//Flags used by the linker during the creation of shared libraries
// during DEBUG builds.
CMAKE_SHARED_LINKER_FLAGS_DEBUG:STRING=

//Flags used by the linker during the creation of shared libraries
// during MINSIZEREL builds.
CMAKE_SHARED_LINKER_FLAGS_MINSIZEREL:STRING=

//Flags used by the linker during the creation of shared libraries
// during RELEASE builds.
CMAKE_SHARED_LINKER_FLAGS_RELEASE:STRING=

//Flags used by the linker during the creation of shared libraries
// during RELWITHDEBINFO builds.
CMAKE_SHARED_LINKER_FLAGS_RELWITHDEBINFO:STRING=

//If set, runtime paths are not added when installing shared libraries,
// but are added when building.
CMAKE_SKIP_INSTALL_RPATH:BOOL=NO

//If set, runtime paths are not added when using shared libraries.
CMAKE_SKIP_RPATH:BOOL=NO

//Flags used by the linker during the creation of static libraries
// during all build types.
CMAKE_STATIC_LINKER_FLAGS:STRING=

//Flags used by the linker during the creation of static libraries
// during DEBUG builds.
CMAKE_STATIC_LINKER_FLAGS_DEBUG:STRING=

//Flags used by the linker during the creation of static libraries
// during MINSIZEREL builds.
CMAKE_STATIC_LINKER_FLAGS_MINSIZEREL:STRING=

//Flags used by the linker during the creation of static libraries
// during RELEASE builds.
CMAKE_STATIC_LINKER_FLAGS_RELEASE:STRING=

//Flags used by the linker during the creation of static libraries
// during RELWITHDEBINFO builds.
CMAKE_STATIC_LINKER_FLAGS_RELWITHDEBINFO:STRING=

//Path to a program.
CMAKE_STRIP:FILEPATH=/usr/bin/strip

//Path to a program.
CMAKE_TAPI:FILEPATH=CMAKE_TAPI-NOTFOUND

//If this value is on, makefiles will be generated without the
// .SILENT directive, and all commands will be echoed to the console
// during the make.  This is useful for debugging only. With Visual
// Studio IDE projects all commands are done without /nologo.
CMAKE_VERBOSE_MAKEFILE:BOOL=ON

//Path to the coverage program that CTest uses for performing coverage
// inspection
COVERAGE_COMMAND:FILEPATH=/usr/bin/gcov

//Extra command line flags to pass to the coverage tool
COVERAGE_EXTRA_FLAGS:STRING=-l

//Semicolon separated list of generators
CPACK_GENERATOR:STRING=TGZ;ZIP

//Build relocatable package
CPACK_PACKAGE_RELOCATABLE:BOOL=ON

//Enable to build RPM source packages
CPACK_SOURCE_RPM:BOOL=OFF

//Enable to build TBZ2 source packages
CPACK_SOURCE_TBZ2:BOOL=ON

//Enable to build TGZ source packages
CPACK_SOURCE_TGZ:BOOL=ON

//Enable to build TXZ source packages
CPACK_SOURCE_TXZ:BOOL=ON

//Enable to build TZ source packages
CPACK_SOURCE_TZ:BOOL=ON

//Enable to build ZIP source packages
CPACK_SOURCE_ZIP:BOOL=OFF

//Don't create a package lock file in the binary path
CPM_DONT_CREATE_PACKAGE_LOCK:BOOL=OFF

//Don't update the module path to allow using find_package
CPM_DONT_UPDATE_MODULE_PATH:BOOL=OFF

//Always download dependencies from source
CPM_DOWNLOAD_ALL:BOOL=OFF

//Add all packages added through CPM.cmake to the package lock
CPM_INCLUDE_ALL_IN_PACKAGE_LOCK:BOOL=OFF

//Only use `find_package` to get dependencies
CPM_LOCAL_PACKAGES_ONLY:BOOL=OFF

//Path to CPM source cache
CPM_SOURCE_CACHE:STRING=/home/runner/work/tt-umd/tt-umd/.cpmcache

//Always try to use `find_package` to get dependencies
CPM_USE_LOCAL_PACKAGES:BOOL=OFF

//Use additional directory of package name in cache on the most
// nested level.
CPM_USE_NAMED_CACHE_DIRECTORIES:BOOL=OFF

//How many times to retry timed-out CTest submissions.
CTEST_SUBMIT_RETRY_COUNT:STRING=3

//How long to wait between timed-out CTest submissions.
CTEST_SUBMIT_RETRY_DELAY:STRING=5

//Set to ON to build examples
CXXOPTS_BUILD_EXAMPLES:BOOL=OFF

//Set to ON to build tests
CXXOPTS_BUILD_TESTS:BOOL=OFF

//Generate the install target
CXXOPTS_ENABLE_INSTALL:BOOL=OFF

//Add warnings to CMAKE_CXX_FLAGS
CXXOPTS_ENABLE_WARNINGS:BOOL=OFF

//Use ICU Unicode library
CXXOPTS_USE_UNICODE_HELP:BOOL=OFF

//Maximum time allowed before CTest will kill the test.
DART_TESTING_TIMEOUT:STRING=1500

//Directory under which to collect all populated content
FETCHCONTENT_BASE_DIR:PATH=/home/runner/work/tt-umd/tt-umd/_codeql_build_dir/_deps

//Disables all attempts to download or update content and assumes
// source dirs already exist
FETCHCONTENT_FULLY_DISCONNECTED:BOOL=OFF

//Enables QUIET option for all content population
FETCHCONTENT_QUIET:BOOL=ON

//Enables UPDATE_DISCONNECTED behavior for all content population
FETCHCONTENT_UPDATES_DISCONNECTED:BOOL=OFF

//Value Computed by CMake
FMT_BINARY_DIR:STATIC=/home/runner/work/tt-umd/tt-umd/_codeql_build_dir/_deps/fmt-build

//Installation directory for cmake files, a relative path that
// will be joined with /usr/local or an absolute path.
FMT_CMAKE_DIR:STRING=lib/cmake/fmt

//Generate the cuda-test target.
FMT_CUDA_TEST:BOOL=OFF

//Debug library postfix.
FMT_DEBUG_POSTFIX:STRING=d

//Generate the doc target.
FMT_DOC:BOOL=OFF

//Generate the fuzz target.
FMT_FUZZ:BOOL=OFF

//Installation directory for include files, a relative path that
// will be joined with /usr/local or an absolute path.
FMT_INC_DIR:STRING=include

//Generate the install target.
FMT_INSTALL:BOOL=ON

//Value Computed by CMake
FMT_IS_TOP_LEVEL:STATIC=OFF

//Installation directory for libraries, a relative path that will
// be joined to /usr/local or an absolute path.
FMT_LIB_DIR:STRING=lib

//Build a module instead of a traditional library.
FMT_MODULE:BOOL=OFF

//Include OS-specific APIs.
FMT_OS:BOOL=ON

//Enable extra warnings and expensive tests.
FMT_PEDANTIC:BOOL=OFF

//Installation directory for pkgconfig (.pc) files, a relative
// path that will be joined with /usr/local or an absolute path.
FMT_PKGCONFIG_DIR:STRING=lib/pkgconfig

//Value Computed by CMake
FMT_SOURCE_DIR:STATIC=/home/runner/work/tt-umd/tt-umd/.cpmcache/fmt/69912fb6b71fcb1f7e5deca191a2bb4748c4e7b6

//Expose headers with marking them as system.
FMT_SYSTEM_HEADERS:BOOL=OFF

//Generate the test target.
FMT_TEST:BOOL=OFF

//Enable Unicode support.
FMT_UNICODE:BOOL=ON

//Halt the compilation with an error on compiler warnings.
FMT_WERROR:BOOL=OFF

//Path to a program.
GITCOMMAND:FILEPATH=/usr/bin/git

//Git command line client
GIT_EXECUTABLE:FILEPATH=/usr/bin/git

//Command to build the project
MAKECOMMAND:STRING=/usr/local/bin/cmake --build . --config "${CTEST_CONFIGURATION_TYPE}"

//Path to the memory checking command, used for memory error detection.
MEMORYCHECK_COMMAND:FILEPATH=MEMORYCHECK_COMMAND-NOTFOUND

//File that contains suppressions for the memory checker
MEMORYCHECK_SUPPRESSIONS_FILE:FILEPATH=

//Create installation rules
NB_CREATE_INSTALL_RULES:BOOL=OFF

//Compile nanobind tests?
NB_TEST:BOOL=OFF

//Force the use of the CUDA/NVCC compiler for testing purposes
NB_TEST_CUDA:BOOL=OFF

//Build free-threaded extensions for the test suite?
NB_TEST_FREE_THREADED:BOOL=ON

//Build tests with the address sanitizer?
NB_TEST_SANITIZERS_ASAN:BOOL=OFF

//Build tests with the thread sanitizer?
NB_TEST_SANITIZERS_TSAN:BOOL=OFF

//Build tests with the address undefined behavior sanitizer?
NB_TEST_SANITIZERS_UBSAN:BOOL=OFF

//Build a shared nanobind library for the test suite?
NB_TEST_SHARED_BUILD:BOOL=OFF

//Test the stable ABI interface?
NB_TEST_STABLE_ABI:BOOL=OFF

//Use the nanobind dependencies shipped as a git submodule of this
// repository
NB_USE_SUBMODULE_DEPS:BOOL=ON

//Name of the computer/site where compile is being run
SITE:STRING=runnervmkj6or

//Build all artifacts
SPDLOG_BUILD_ALL:BOOL=OFF

//Build benchmarks (Requires https://github.com/google/benchmark.git
// to be installed)
SPDLOG_BUILD_BENCH:BOOL=OFF

//Build example
SPDLOG_BUILD_EXAMPLE:BOOL=OFF

//Build header only example
SPDLOG_BUILD_EXAMPLE_HO:BOOL=OFF

//Build position independent code (-fPIC)
SPDLOG_BUILD_PIC:BOOL=OFF

//Build shared library
SPDLOG_BUILD_SHARED:BOOL=OFF

//Build tests
SPDLOG_BUILD_TESTS:BOOL=OFF

//Build tests using the header only version
SPDLOG_BUILD_TESTS_HO:BOOL=OFF

//Enable compiler warnings
SPDLOG_BUILD_WARNINGS:BOOL=OFF

//Use CLOCK_REALTIME_COARSE instead of the regular clock,
SPDLOG_CLOCK_COARSE:BOOL=OFF

//Disable default logger creation
SPDLOG_DISABLE_DEFAULT_LOGGER:BOOL=OFF

//Build static or shared library using precompiled header to speed
// up compilation time
SPDLOG_ENABLE_PCH:BOOL=OFF

//Use external fmt library instead of bundled
SPDLOG_FMT_EXTERNAL:BOOL=OFF

//Use the unlocked variant of fwrite. Leave this on unless your
// libc doesn't have it
SPDLOG_FWRITE_UNLOCKED:BOOL=ON

//prevent spdlog from using of std::atomic log levels (use only
// if your code never modifies log levels concurrently
SPDLOG_NO_ATOMIC_LEVELS:BOOL=OFF

//Compile with -fno-exceptions. Call abort() on any spdlog exceptions
SPDLOG_NO_EXCEPTIONS:BOOL=OFF

//prevent spdlog from querying the thread id on each log call if
// thread id is not needed
SPDLOG_NO_THREAD_ID:BOOL=OFF

//prevent spdlog from using thread local storage
SPDLOG_NO_TLS:BOOL=OFF

//Prevent from child processes to inherit log file descriptors
SPDLOG_PREVENT_CHILD_FD:BOOL=OFF

//Enable address sanitizer in tests
SPDLOG_SANITIZE_ADDRESS:BOOL=OFF

//Enable thread sanitizer in tests
SPDLOG_SANITIZE_THREAD:BOOL=OFF

//Include as system headers (skip for clang-tidy).
SPDLOG_SYSTEM_INCLUDES:BOOL=OFF

//run clang-tidy
SPDLOG_TIDY:BOOL=OFF

//Use std::format instead of fmt library.
SPDLOG_USE_STD_FORMAT:BOOL=OFF

//non supported option
SPDLOG_WCHAR_CONSOLE:BOOL=OFF

//non supported option
SPDLOG_WCHAR_FILENAMES:BOOL=OFF

//non supported option
SPDLOG_WCHAR_SUPPORT:BOOL=OFF

//Build tests
TT_LOGGER_BUILD_TESTING:BOOL=OFF

//Configure for installation
TT_LOGGER_INSTALL:BOOL=OFF

//Enables build of all tt_umd components (tests, simulation, python,
// tools, examples)
TT_UMD_BUILD_ALL:BOOL=OFF

//Enables build of tt_umd examples
TT_UMD_BUILD_EXAMPLES:BOOL=OFF

//Enable JTAG support
TT_UMD_BUILD_JTAG:BOOL=OFF

//Enables build of tt_umd python bindings
TT_UMD_BUILD_PYTHON:BOOL=OFF

//Enables build of tt_umd simulation harnessing
TT_UMD_BUILD_SIMULATION:BOOL=OFF

//Enables build of tt_umd as a static library
TT_UMD_BUILD_STATIC:BOOL=OFF

//Enables build of tt_umd tests
TT_UMD_BUILD_TESTS:BOOL=OFF

//Enables build of tt_umd tools
TT_UMD_BUILD_TOOLS:BOOL=ON

//Enable clang-tidy checks during the build
TT_UMD_ENABLE_CLANG_TIDY:BOOL=ON

//Enables inclusion of log_trace and log_debug into the binary.
TT_UMD_ENABLE_LOGGING:BOOL=OFF

//Value Computed by CMake
YAML_CPP_BINARY_DIR:STATIC=/home/runner/work/tt-umd/tt-umd/_codeql_build_dir/_deps/yaml-cpp-build

//Enable yaml-cpp contrib in library
YAML_CPP_BUILD_CONTRIB:BOOL=ON

//Disable uninstallation of yaml-cpp
YAML_CPP_DISABLE_UNINSTALL:BOOL=OFF

//Format source
YAML_CPP_FORMAT_SOURCE:BOOL=OFF

//Enable generation of yaml-cpp install targets
YAML_CPP_INSTALL:BOOL=OFF

//Path to install the CMake package to
YAML_CPP_INSTALL_CMAKEDIR:STRING=lib/cmake/yaml-cpp

//Value Computed by CMake
YAML_CPP_IS_TOP_LEVEL:STATIC=OFF

//Value Computed by CMake
YAML_CPP_SOURCE_DIR:STATIC=/home/runner/work/tt-umd/tt-umd/.cpmcache/yaml-cpp/652ccf99aa11ad40631a0e2faf489e7e553b7858

//Use Position-Independent Code 
YAML_ENABLE_PIC:BOOL=ON

//Use system googletest if found
YAML_USE_SYSTEM_GTEST:BOOL=OFF

//Value Computed by CMake
cxxopts_BINARY_DIR:STATIC=/home/runner/work/tt-umd/tt-umd/_codeql_build_dir/_deps/cxxopts-build

//Value Computed by CMake
cxxopts_IS_TOP_LEVEL:STATIC=OFF

//Value Computed by CMake
cxxopts_SOURCE_DIR:STATIC=/home/runner/work/tt-umd/tt-umd/.cpmcache/cxxopts/dda70ad5c1afdb5368541192bace55dbcd7872e3

//Value Computed by CMake
nanobench_BINARY_DIR:STATIC=/home/runner/work/tt-umd/tt-umd/_codeql_build_dir/_deps/nanobench-build

//Value Computed by CMake
nanobench_IS_TOP_LEVEL:STATIC=OFF

//Value Computed by CMake
nanobench_SOURCE_DIR:STATIC=/home/runner/work/tt-umd/tt-umd/.cpmcache/nanobench/5ec5aaf271dc24012a47a909a16df511c81590f9

//Value Computed by CMake
nanobind_BINARY_DIR:STATIC=/home/runner/work/tt-umd/tt-umd/_codeql_build_dir/_deps/nanobind-build

//Value Computed by CMake
nanobind_IS_TOP_LEVEL:STATIC=OFF

//Value Computed by CMake
nanobind_SOURCE_DIR:STATIC=/home/runner/work/tt-umd/tt-umd/.cpmcache/nanobind/ecb3880ad950ee63406ff66a5563d380c7994aa7

//Value Computed by CMake
spdlog_BINARY_DIR:STATIC=/home/runner/work/tt-umd/tt-umd/_codeql_build_dir/_deps/spdlog-build

//Value Computed by CMake
spdlog_IS_TOP_LEVEL:STATIC=OFF

//Value Computed by CMake
spdlog_SOURCE_DIR:STATIC=/home/runner/work/tt-umd/tt-umd/.cpmcache/spdlog/b1c2586bb5c35a7929362e87f62433eb68206873

//Value Computed by CMake
tt-logger_BINARY_DIR:STATIC=/home/runner/work/tt-umd/tt-umd/_codeql_build_dir/_deps/tt-logger-build

//Value Computed by CMake
tt-logger_IS_TOP_LEVEL:STATIC=OFF

//Value Computed by CMake
tt-logger_SOURCE_DIR:STATIC=/home/runner/work/tt-umd/tt-umd/.cpmcache/tt-logger/87c1a5f2e9d2dd011200eb49c86426c26dec719e

//Value Computed by CMake
umd_BINARY_DIR:STATIC=/home/runner/work/tt-umd/tt-umd/_codeql_build_dir

//Value Computed by CMake
umd_IS_TOP_LEVEL:STATIC=ON

//Value Computed by CMake
umd_SOURCE_DIR:STATIC=/home/runner/work/tt-umd/tt-umd


########################
# INTERNAL cache entries
########################

//ADVANCED property for variable: CMAKE_ADDR2LINE
CMAKE_ADDR2LINE-ADVANCED:INTERNAL=1
//ADVANCED property for variable: CMAKE_AR
CMAKE_AR-ADVANCED:INTERNAL=1
//This is the directory where this CMakeCache.txt was created
CMAKE_CACHEFILE_DIR:INTERNAL=/home/runner/work/tt-umd/tt-umd/_codeql_build_dir
//Major version of cmake used to create the current loaded cache
CMAKE_CACHE_MAJOR_VERSION:INTERNAL=3
//Minor version of cmake used to create the current loaded cache
CMAKE_CACHE_MINOR_VERSION:INTERNAL=31
//Patch version of cmake used to create the current loaded cache
CMAKE_CACHE_PATCH_VERSION:INTERNAL=6
//ADVANCED property for variable: CMAKE_COLOR_MAKEFILE
CMAKE_COLOR_MAKEFILE-ADVANCED:INTERNAL=1
//Path to CMake executable.
CMAKE_COMMAND:INTERNAL=/usr/local/bin/cmake
//Path to cpack program executable.
CMAKE_CPACK_COMMAND:INTERNAL=/usr/local/bin/cpack
//ADVANCED property for variable: CMAKE_CTEST_COMMAND
CMAKE_CTEST_COMMAND-ADVANCED:INTERNAL=1
//Path to ctest program executable.
CMAKE_CTEST_COMMAND:INTERNAL=/usr/local/bin/ctest
//ADVANCED property for variable: CMAKE_CXX_COMPILER
CMAKE_CXX_COMPILER-ADVANCED:INTERNAL=1
//ADVANCED property for variable: CMAKE_CXX_COMPILER_AR
CMAKE_CXX_COMPILER_AR-ADVANCED:INTERNAL=1
//ADVANCED property for variable: CMAKE_CXX_COMPILER_RANLIB
CMAKE_CXX_COMPILER_RANLIB-ADVANCED:INTERNAL=1
//ADVANCED property for variable: CMAKE_CXX_FLAGS
CMAKE_CXX_FLAGS-ADVANCED:INTERNAL=1
//ADVANCED property for variable: CMAKE_CXX_FLAGS_DEBUG
CMAKE_CXX_FLAGS_DEBUG-ADVANCED:INTERNAL=1
//ADVANCED property for variable: CMAKE_CXX_FLAGS_MINSIZEREL
CMAKE_CXX_FLAGS_MINSIZEREL-ADVANCED:INTERNAL=1
//ADVANCED property for variable: CMAKE_CXX_FLAGS_RELEASE
CMAKE_CXX_FLAGS_RELEASE-ADVANCED:INTERNAL=1
//ADVANCED property for variable: CMAKE_CXX_FLAGS_RELWITHDEBINFO
CMAKE_CXX_FLAGS_RELWITHDEBINFO-ADVANCED:INTERNAL=1
//ADVANCED property for variable: CMAKE_C_COMPILER
CMAKE_C_COMPILER-ADVANCED:INTERNAL=1
//ADVANCED property for variable: CMAKE_C_COMPILER_AR
CMAKE_C_COMPILER_AR-ADVANCED:INTERNAL=1
//ADVANCED property for variable: CMAKE_C_COMPILER_RANLIB
CMAKE_C_COMPILER_RANLIB-ADVANCED:INTERNAL=1
//ADVANCED property for variable: CMAKE_C_FLAGS
CMAKE_C_FLAGS-ADVANCED:INTERNAL=1
//ADVANCED property for variable: CMAKE_C_FLAGS_DEBUG
CMAKE_C_FLAGS_DEBUG-ADVANCED:INTERNAL=1
//ADVANCED property for variable: CMAKE_C_FLAGS_MINSIZEREL
CMAKE_C_FLAGS_MINSIZEREL-ADVANCED:INTERNAL=1
//ADVANCED property for variable: CMAKE_C_FLAGS_RELEASE
CMAKE_C_FLAGS_RELEASE-ADVANCED:INTERNAL=1
//ADVANCED property for variable: CMAKE_C_FLAGS_RELWITHDEBINFO
CMAKE_C_FLAGS_RELWITHDEBINFO-ADVANCED:INTERNAL=1
//ADVANCED property for variable: CMAKE_DLLTOOL
CMAKE_DLLTOOL-ADVANCED:INTERNAL=1
//Path to cache edit program executable.
CMAKE_EDIT_COMMAND:INTERNAL=/usr/local/bin/ccmake
//Executable file format
CMAKE_EXECUTABLE_FORMAT:INTERNAL=ELF
//ADVANCED property for variable: CMAKE_EXE_LINKER_FLAGS
CMAKE_EXE_LINKER_FLAGS-ADVANCED:INTERNAL=1
//ADVANCED property for variable: CMAKE_EXE_LINKER_FLAGS_DEBUG
CMAKE_EXE_LINKER_FLAGS_DEBUG-ADVANCED:INTERNAL=1
//ADVANCED property for variable: CMAKE_EXE_LINKER_FLAGS_MINSIZEREL
CMAKE_EXE_LINKER_FLAGS_MINSIZEREL-ADVANCED:INTERNAL=1
//ADVANCED property for variable: CMAKE_EXE_LINKER_FLAGS_RELEASE
CMAKE_EXE_LINKER_FLAGS_RELEASE-ADVANCED:INTERNAL=1
//ADVANCED property for variable: CMAKE_EXE_LINKER_FLAGS_RELWITHDEBINFO
CMAKE_EXE_LINKER_FLAGS_RELWITHDEBINFO-ADVANCED:INTERNAL=1
//Name of external makefile project generator.
CMAKE_EXTRA_GENERATOR:INTERNAL=
//Name of generator.
CMAKE_GENERATOR:INTERNAL=Unix Makefiles
//Generator instance identifier.
CMAKE_GENERATOR_INSTANCE:INTERNAL=
//Name of generator platform.
CMAKE_GENERATOR_PLATFORM:INTERNAL=
//Name of generator toolset.
CMAKE_GENERATOR_TOOLSET:INTERNAL=
//Test CMAKE_HAVE_LIBC_PTHREAD
CMAKE_HAVE_LIBC_PTHREAD:INTERNAL=1
//Source directory with the top level CMakeLists.txt file for this
// project
CMAKE_HOME_DIRECTORY:INTERNAL=/home/runner/work/tt-umd/tt-umd
//ADVANCED property for variable: CMAKE_INSTALL_BINDIR
CMAKE_INSTALL_BINDIR-ADVANCED:INTERNAL=1
//ADVANCED property for variable: CMAKE_INSTALL_DATADIR
CMAKE_INSTALL_DATADIR-ADVANCED:INTERNAL=1
//ADVANCED property for variable: CMAKE_INSTALL_DATAROOTDIR
CMAKE_INSTALL_DATAROOTDIR-ADVANCED:INTERNAL=1
//ADVANCED property for variable: CMAKE_INSTALL_DOCDIR
CMAKE_INSTALL_DOCDIR-ADVANCED:INTERNAL=1
//ADVANCED property for variable: CMAKE_INSTALL_INCLUDEDIR
CMAKE_INSTALL_INCLUDEDIR-ADVANCED:INTERNAL=1
//ADVANCED property for variable: CMAKE_INSTALL_INFODIR
CMAKE_INSTALL_INFODIR-ADVANCED:INTERNAL=1
//ADVANCED property for variable: CMAKE_INSTALL_LIBDIR
CMAKE_INSTALL_LIBDIR-ADVANCED:INTERNAL=1
//ADVANCED property for variable: CMAKE_INSTALL_LIBEXECDIR
CMAKE_INSTALL_LIBEXECDIR-ADVANCED:INTERNAL=1
//ADVANCED property for variable: CMAKE_INSTALL_LOCALEDIR
CMAKE_INSTALL_LOCALEDIR-ADVANCED:INTERNAL=1
//ADVANCED property for variable: CMAKE_INSTALL_LOCALSTATEDIR
CMAKE_INSTALL_LOCALSTATEDIR-ADVANCED:INTERNAL=1
//ADVANCED property for variable: CMAKE_INSTALL_MANDIR
CMAKE_INSTALL_MANDIR-ADVANCED:INTERNAL=1
//ADVANCED property for variable: CMAKE_INSTALL_OLDINCLUDEDIR
CMAKE_INSTALL_OLDINCLUDEDIR-ADVANCED:INTERNAL=1
//ADVANCED property for variable: CMAKE_INSTALL_RUNSTATEDIR
CMAKE_INSTALL_RUNSTATEDIR-ADVANCED:INTERNAL=1
//ADVANCED property for variable: CMAKE_INSTALL_SBINDIR
CMAKE_INSTALL_SBINDIR-ADVANCED:INTERNAL=1
//ADVANCED property for variable: CMAKE_INSTALL_SHAREDSTATEDIR
CMAKE_INSTALL_SHAREDSTATEDIR-ADVANCED:INTERNAL=1
//Install .so files without execute permission.
CMAKE_INSTALL_SO_NO_EXE:INTERNAL=1
//ADVANCED property for variable: CMAKE_INSTALL_SYSCONFDIR
CMAKE_INSTALL_SYSCONFDIR-ADVANCED:INTERNAL=1
//ADVANCED property for variable: CMAKE_LINKER
CMAKE_LINKER-ADVANCED:INTERNAL=1
//ADVANCED property for variable: CMAKE_MAKE_PROGRAM
CMAKE_MAKE_PROGRAM-ADVANCED:INTERNAL=1
//ADVANCED property for variable: CMAKE_MODULE_LINKER_FLAGS
CMAKE_MODULE_LINKER_FLAGS-ADVANCED:INTERNAL=1
//ADVANCED property for variable: CMAKE_MODULE_LINKER_FLAGS_DEBUG
CMAKE_MODULE_LINKER_FLAGS_DEBUG-ADVANCED:INTERNAL=1
//ADVANCED property for variable: CMAKE_MODULE_LINKER_FLAGS_MINSIZEREL
CMAKE_MODULE_LINKER_FLAGS_MINSIZEREL-ADVANCED:INTERNAL=1
//ADVANCED property for variable: CMAKE_MODULE_LINKER_FLAGS_RELEASE
CMAKE_MODULE_LINKER_FLAGS_RELEASE-ADVANCED:INTERNAL=1
//ADVANCED property for variable: CMAKE_MODULE_LINKER_FLAGS_RELWITHDEBINFO
CMAKE_MODULE_LINKER_FLAGS_RELWITHDEBINFO-ADVANCED:INTERNAL=1
//ADVANCED property for variable: CMAKE_NM
CMAKE_NM-ADVANCED:INTERNAL=1
//number of local generators
CMAKE_NUMBER_OF_MAKEFILES:INTERNAL=13
//ADVANCED property for variable: CMAKE_OBJCOPY
CMAKE_OBJCOPY-ADVANCED:INTERNAL=1
//ADVANCED property for variable: CMAKE_OBJDUMP
CMAKE_OBJDUMP-ADVANCED:INTERNAL=1
//Platform information initialized
CMAKE_PLATFORM_INFO_INITIALIZED:INTERNAL=1
//ADVANCED property for variable: CMAKE_RANLIB
CMAKE_RANLIB-ADVANCED:INTERNAL=1
//ADVANCED property for variable: CMAKE_READELF
CMAKE_READELF-ADVANCED:INTERNAL=1
//Path to CMake installation.
CMAKE_ROOT:INTERNAL=/usr/local/share/cmake-3.31
//ADVANCED property for variable: CMAKE_SHARED_LINKER_FLAGS
CMAKE_SHARED_LINKER_FLAGS-ADVANCED:INTERNAL=1
//ADVANCED property for variable: CMAKE_SHARED_LINKER_FLAGS_DEBUG
CMAKE_SHARED_LINKER_FLAGS_DEBUG-ADVANCED:INTERNAL=1
//ADVANCED property for variable: CMAKE_SHARED_LINKER_FLAGS_MINSIZEREL
CMAKE_SHARED_LINKER_FLAGS_MINSIZEREL-ADVANCED:INTERNAL=1
//ADVANCED property for variable: CMAKE_SHARED_LINKER_FLAGS_RELEASE
CMAKE_SHARED_LINKER_FLAGS_RELEASE-ADVANCED:INTERNAL=1
//ADVANCED property for variable: CMAKE_SHARED_LINKER_FLAGS_RELWITHDEBINFO
CMAKE_SHARED_LINKER_FLAGS_RELWITHDEBINFO-ADVANCED:INTERNAL=1
//ADVANCED property for variable: CMAKE_SKIP_INSTALL_RPATH
CMAKE_SKIP_INSTALL_RPATH-ADVANCED:INTERNAL=1
//ADVANCED property for variable: CMAKE_SKIP_RPATH
CMAKE_SKIP_RPATH-ADVANCED:INTERNAL=1
//ADVANCED property for variable: CMAKE_STATIC_LINKER_FLAGS
CMAKE_STATIC_LINKER_FLAGS-ADVANCED:INTERNAL=1
//ADVANCED property for variable: CMAKE_STATIC_LINKER_FLAGS_DEBUG
CMAKE_STATIC_LINKER_FLAGS_DEBUG-ADVANCED:INTERNAL=1
//ADVANCED property for variable: CMAKE_STATIC_LINKER_FLAGS_MINSIZEREL
CMAKE_STATIC_LINKER_FLAGS_MINSIZEREL-ADVANCED:INTERNAL=1
//ADVANCED property for variable: CMAKE_STATIC_LINKER_FLAGS_RELEASE
CMAKE_STATIC_LINKER_FLAGS_RELEASE-ADVANCED:INTERNAL=1
//ADVANCED property for variable: CMAKE_STATIC_LINKER_FLAGS_RELWITHDEBINFO
CMAKE_STATIC_LINKER_FLAGS_RELWITHDEBINFO-ADVANCED:INTERNAL=1
//ADVANCED property for variable: CMAKE_STRIP
CMAKE_STRIP-ADVANCED:INTERNAL=1
//ADVANCED property for variable: CMAKE_TAPI
CMAKE_TAPI-ADVANCED:INTERNAL=1
//uname command
CMAKE_UNAME:INTERNAL=/usr/bin/uname
//ADVANCED property for variable: CMAKE_VERBOSE_MAKEFILE
CMAKE_VERBOSE_MAKEFILE-ADVANCED:INTERNAL=1
//ADVANCED property for variable: COVERAGE_COMMAND
COVERAGE_COMMAND-ADVANCED:INTERNAL=1
//ADVANCED property for variable: COVERAGE_EXTRA_FLAGS
COVERAGE_EXTRA_FLAGS-ADVANCED:INTERNAL=1
//ADVANCED property for variable: CPACK_SOURCE_RPM
CPACK_SOURCE_RPM-ADVANCED:INTERNAL=1
//ADVANCED property for variable: CPACK_SOURCE_TBZ2
CPACK_SOURCE_TBZ2-ADVANCED:INTERNAL=1
//ADVANCED property for variable: CPACK_SOURCE_TGZ
CPACK_SOURCE_TGZ-ADVANCED:INTERNAL=1
//ADVANCED property for variable: CPACK_SOURCE_TXZ
CPACK_SOURCE_TXZ-ADVANCED:INTERNAL=1
//ADVANCED property for variable: CPACK_SOURCE_TZ
CPACK_SOURCE_TZ-ADVANCED:INTERNAL=1
//ADVANCED property for variable: CPACK_SOURCE_ZIP
CPACK_SOURCE_ZIP-ADVANCED:INTERNAL=1
CPM_DIRECTORY:INTERNAL=/home/runner/work/tt-umd/tt-umd/.cpmcache/cpm
//Don't download or configure dependencies (for testing)
CPM_DRY_RUN:INTERNAL=OFF
CPM_FILE:INTERNAL=/home/runner/work/tt-umd/tt-umd/.cpmcache/cpm/CPM_0.40.2.cmake
CPM_INDENT:INTERNAL=CPM:
CPM_MODULE_PATH:INTERNAL=/home/runner/work/tt-umd/tt-umd/_codeql_build_dir/CPM_modules
CPM_PACKAGES:INTERNAL=yaml-cpp;fmt;nanobench;spdlog;tt-logger;cxxopts;nanobind;picosha2;umd_asio
CPM_PACKAGE_LOCK_FILE:INTERNAL=/home/runner/work/tt-umd/tt-umd/_codeql_build_dir/cpm-package-lock.cmake
CPM_PACKAGE_cxxopts_BINARY_DIR:INTERNAL=/home/runner/work/tt-umd/tt-umd/_codeql_build_dir/_deps/cxxopts-build
CPM_PACKAGE_cxxopts_SOURCE_DIR:INTERNAL=/home/runner/work/tt-umd/tt-umd/.cpmcache/cxxopts/dda70ad5c1afdb5368541192bace55dbcd7872e3
CPM_PACKAGE_cxxopts_VERSION:INTERNAL=0
CPM_PACKAGE_fmt_BINARY_DIR:INTERNAL=/home/runner/work/tt-umd/tt-umd/_codeql_build_dir/_deps/fmt-build
CPM_PACKAGE_fmt_SOURCE_DIR:INTERNAL=/home/runner/work/tt-umd/tt-umd/.cpmcache/fmt/69912fb6b71fcb1f7e5deca191a2bb4748c4e7b6
CPM_PACKAGE_fmt_VERSION:INTERNAL=11.1.4
CPM_PACKAGE_nanobench_BINARY_DIR:INTERNAL=/home/runner/work/tt-umd/tt-umd/_codeql_build_dir/_deps/nanobench-build
CPM_PACKAGE_nanobench_SOURCE_DIR:INTERNAL=/home/runner/work/tt-umd/tt-umd/.cpmcache/nanobench/5ec5aaf271dc24012a47a909a16df511c81590f9
CPM_PACKAGE_nanobench_VERSION:INTERNAL=4.3.11
CPM_PACKAGE_nanobind_BINARY_DIR:INTERNAL=/home/runner/work/tt-umd/tt-umd/_codeql_build_dir/_deps/nanobind-build
CPM_PACKAGE_nanobind_SOURCE_DIR:INTERNAL=/home/runner/work/tt-umd/tt-umd/.cpmcache/nanobind/ecb3880ad950ee63406ff66a5563d380c7994aa7
CPM_PACKAGE_nanobind_VERSION:INTERNAL=2.10.2
CPM_PACKAGE_picosha2_BINARY_DIR:INTERNAL=/home/runner/work/tt-umd/tt-umd/_codeql_build_dir/_deps/picosha2-build
CPM_PACKAGE_picosha2_SOURCE_DIR:INTERNAL=/home/runner/work/tt-umd/tt-umd/.cpmcache/picosha2/c5737937b9b264d5f413bff750447403d1603c55
CPM_PACKAGE_picosha2_VERSION:INTERNAL=1.0.1
CPM_PACKAGE_spdlog_BINARY_DIR:INTERNAL=/home/runner/work/tt-umd/tt-umd/_codeql_build_dir/_deps/spdlog-build
CPM_PACKAGE_spdlog_SOURCE_DIR:INTERNAL=/home/runner/work/tt-umd/tt-umd/.cpmcache/spdlog/b1c2586bb5c35a7929362e87f62433eb68206873
CPM_PACKAGE_spdlog_VERSION:INTERNAL=1.15.2
CPM_PACKAGE_tt-logger_BINARY_DIR:INTERNAL=/home/runner/work/tt-umd/tt-umd/_codeql_build_dir/_deps/tt-logger-build
CPM_PACKAGE_tt-logger_SOURCE_DIR:INTERNAL=/home/runner/work/tt-umd/tt-umd/.cpmcache/tt-logger/87c1a5f2e9d2dd011200eb49c86426c26dec719e
CPM_PACKAGE_tt-logger_VERSION:INTERNAL=1.1.7
CPM_PACKAGE_umd_asio_BINARY_DIR:INTERNAL=/home/runner/work/tt-umd/tt-umd/_codeql_build_dir/_deps/umd_asio-build
CPM_PACKAGE_umd_asio_SOURCE_DIR:INTERNAL=/home/runner/work/tt-umd/tt-umd/.cpmcache/umd_asio/83a029aeca9a00050695989a093d0cc1fcd67ba8
CPM_PACKAGE_umd_asio_VERSION:INTERNAL=
CPM_PACKAGE_yaml-cpp_BINARY_DIR:INTERNAL=/home/runner/work/tt-umd/tt-umd/_codeql_build_dir/_deps/yaml-cpp-build
CPM_PACKAGE_yaml-cpp_SOURCE_DIR:INTERNAL=/home/runner/work/tt-umd/tt-umd/.cpmcache/yaml-cpp/652ccf99aa11ad40631a0e2faf489e7e553b7858
CPM_PACKAGE_yaml-cpp_VERSION:INTERNAL=0
CPM_VERSION:INTERNAL=0.40.2
//ADVANCED property for variable: CTEST_SUBMIT_RETRY_COUNT
CTEST_SUBMIT_RETRY_COUNT-ADVANCED:INTERNAL=1
//ADVANCED property for variable: CTEST_SUBMIT_RETRY_DELAY
CTEST_SUBMIT_RETRY_DELAY-ADVANCED:INTERNAL=1
CXXOPTS__VERSION_MAJOR:INTERNAL=3
CXXOPTS__VERSION_MINOR:INTERNAL=2
CXXOPTS__VERSION_PATCH:INTERNAL=1
//ADVANCED property for variable: DART_TESTING_TIMEOUT
DART_TESTING_TIMEOUT-ADVANCED:INTERNAL=1
//Details about finding Git
FIND_PACKAGE_MESSAGE_DETAILS_Git:INTERNAL=[/usr/bin/git][v2.52.0()]
//Details about finding Python
FIND_PACKAGE_MESSAGE_DETAILS_Python:INTERNAL=[/usr/bin/python3.12][/usr/include/python3.12][cfound components: Interpreter Development.Module Development.SABIModule ][v3.12.3(3.9)]
//Details about finding Threads
FIND_PACKAGE_MESSAGE_DETAILS_Threads:INTERNAL=[TRUE][v()]
//ADVANCED property for variable: GITCOMMAND
GITCOMMAND-ADVANCED:INTERNAL=1
//ADVANCED property for variable: GIT_EXECUTABLE
GIT_EXECUTABLE-ADVANCED:INTERNAL=1
//Have function backtrace
HAVE_BACKTRACE:INTERNAL=1
//Have symbol fwrite_unlocked
HAVE_FWRITE_UNLOCKED:INTERNAL=1
//ADVANCED property for variable: MAKECOMMAND
MAKECOMMAND-ADVANCED:INTERNAL=1
//ADVANCED property for variable: MEMORYCHECK_COMMAND
MEMORYCHECK_COMMAND-ADVANCED:INTERNAL=1
//ADVANCED property for variable: MEMORYCHECK_SUPPRESSIONS_FILE
MEMORYCHECK_SUPPRESSIONS_FILE-ADVANCED:INTERNAL=1
NB_ABI:INTERNAL=312
NB_DIR:INTERNAL=/home/runner/work/tt-umd/tt-umd/.cpmcache/nanobind/ecb3880ad950ee63406ff66a5563d380c7994aa7
NB_OPT:INTERNAL=$<OR:$<CONFIG:Release>,$<CONFIG:MinSizeRel>>
NB_OPT_SIZE:INTERNAL=$<OR:$<CONFIG:Release>,$<CONFIG:MinSizeRel>,$<CONFIG:RelWithDebInfo>>
NB_SUFFIX:INTERNAL=.cpython-312-x86_64-linux-gnu.so
NB_SUFFIX_S:INTERNAL=.abi3.so
//ADVANCED property for variable: SITE
SITE-ADVANCED:INTERNAL=1
//Enable yaml-cpp tests
YAML_CPP_BUILD_TESTS:INTERNAL=OFF
//linker supports push/pop state
_CMAKE_CXX_LINKER_PUSHPOP_STATE_SUPPORTED:INTERNAL=TRUE
//linker supports push/pop state
_CMAKE_C_LINKER_PUSHPOP_STATE_SUPPORTED:INTERNAL=TRUE
//linker supports push/pop state
_CMAKE_LINKER_PUSHPOP_STATE_SUPPORTED:INTERNAL=TRUE
//CMAKE_INSTALL_PREFIX during last run
_GNUInstallDirs_LAST_CMAKE_INSTALL_PREFIX:INTERNAL=/usr/local
//Compiler reason failure
_Python_Compiler_REASON_FAILURE:INTERNAL=
_Python_DEVELOPMENT_MODULE_SIGNATURE:INTERNAL=e176b05b75342c1dd2b5202bb344a689
_Python_DEVELOPMENT_SABIMODULE_SIGNATURE:INTERNAL=e176b05b75342c1dd2b5202bb344a689
//Development reason failure
_Python_Development_REASON_FAILURE:INTERNAL=
//Path to a program.
_Python_EXECUTABLE:INTERNAL=/usr/bin/python3.12
//Path to a file.
_Python_INCLUDE_DIR:INTERNAL=/usr/include/python3.12
//Python Properties
_Python_INTERPRETER_PROPERTIES:INTERNAL=Python;3;12;3;64;<none>;cpython-312-x86_64-linux-gnu;abi3;/usr/lib/python3.12;/usr/lib/python3.12;/usr/local/lib/python3.12/dist-packages;/usr/local/lib/python3.12/dist-packages
_Python_INTERPRETER_SIGNATURE:INTERNAL=0b516266b7ed9a0986c924c82c2c3a08
//NumPy reason failure
_Python_NumPy_REASON_FAILURE:INTERNAL=

